xrun: 25.03-s001: (c) Copyright 1995-2025 Cadence Design Systems, Inc.
TOOL:	xrun	25.03-s001: Started on Mar 12, 2026 at 07:57:28 EDT
xrun
	-Q
	-unbuffered
	-timescale 1ns/1ns
	-sysv
	-access +rw
	design.sv
	testbench.sv
	Top level design units:
		APB_Top_tb
Loading snapshot worklib.APB_Top_tb:sv .................... Done
xcelium> source /xcelium25.03/tools/xcelium/files/xmsimrc
xcelium> run
Time=0 | State=00 | PSEL=00 | PADDR=00000000 | PWRITE=0 | PREADY=0
--- Starting Testcase 1: Slave 0 Access (MSB=0) ---
Time=45000 | State=01 | PSEL=01 | PADDR=00000008 | PWRITE=1 | PREADY=0
Time=55000 | State=10 | PSEL=01 | PADDR=00000008 | PWRITE=1 | PREADY=0
  [WAITING] Slave is not ready at Time=65000
  [WAITING] Slave is not ready at Time=75000
  [WAITING] Slave is not ready at Time=85000
  [WAITING] Slave is not ready at Time=95000
  [WAITING] Slave is not ready at Time=105000
  [WAITING] Slave is not ready at Time=115000
  [WAITING] Slave is not ready at Time=125000
  [WAITING] Slave is not ready at Time=135000
  [WAITING] Slave is not ready at Time=145000
  [WAITING] Slave is not ready at Time=155000
  [WAITING] Slave is not ready at Time=165000
  [WAITING] Slave is not ready at Time=175000
  [WAITING] Slave is not ready at Time=185000
  [WAITING] Slave is not ready at Time=195000
  [WAITING] Slave is not ready at Time=205000
  [WAITING] Slave is not ready at Time=215000
  [WAITING] Slave is not ready at Time=225000
  [WAITING] Slave is not ready at Time=235000
  [WAITING] Slave is not ready at Time=245000
  [WAITING] Slave is not ready at Time=255000
  [WAITING] Slave is not ready at Time=265000
  [WAITING] Slave is not ready at Time=275000
  [WAITING] Slave is not ready at Time=285000
  [WAITING] Slave is not ready at Time=295000
  [WAITING] Slave is not ready at Time=305000
  [WAITING] Slave is not ready at Time=315000
  [WAITING] Slave is not ready at Time=325000
  [WAITING] Slave is not ready at Time=335000
  [WAITING] Slave is not ready at Time=345000
  [WAITING] Slave is not ready at Time=355000
  [WAITING] Slave is not ready at Time=365000
  [WAITING] Slave is not ready at Time=375000
  [WAITING] Slave is not ready at Time=385000
  [WAITING] Slave is not ready at Time=395000
  [WAITING] Slave is not ready at Time=405000
  [WAITING] Slave is not ready at Time=415000
  [WAITING] Slave is not ready at Time=425000
  [WAITING] Slave is not ready at Time=435000
  [WAITING] Slave is not ready at Time=445000
  [WAITING] Slave is not ready at Time=455000
  [WAITING] Slave is not ready at Time=465000
  [WAITING] Slave is not ready at Time=475000
  [WAITING] Slave is not ready at Time=485000
  [WAITING] Slave is not ready at Time=495000
  [WAITING] Slave is not ready at Time=505000
  [WAITING] Slave is not ready at Time=515000
  [WAITING] Slave is not ready at Time=525000
  [WAITING] Slave is not ready at Time=535000
  [WAITING] Slave is not ready at Time=545000
  [WAITING] Slave is not ready at Time=555000
  [WAITING] Slave is not ready at Time=565000
  [WAITING] Slave is not ready at Time=575000
  [WAITING] Slave is not ready at Time=585000
  [WAITING] Slave is not ready at Time=595000
  [WAITING] Slave is not ready at Time=605000
  [WAITING] Slave is not ready at Time=615000
  [WAITING] Slave is not ready at Time=625000
  [WAITING] Slave is not ready at Time=635000
  [WAITING] Slave is not ready at Time=645000
  [WAITING] Slave is not ready at Time=655000
  [WAITING] Slave is not ready at Time=665000
  [WAITING] Slave is not ready at Time=675000
  [WAITING] Slave is not ready at Time=685000
  [WAITING] Slave is not ready at Time=695000
  [WAITING] Slave is not ready at Time=705000
Time=705000 | State=10 | PSEL=01 | PADDR=00000008 | PWRITE=1 | PREADY=1
[WRITE] Addr: 0x00000008 | Data: 0x24681357 | PSLVERR: 0 | Time: 715000
Time=715000 | State=00 | PSEL=00 | PADDR=00000000 | PWRITE=0 | PREADY=0
Time=745000 | State=01 | PSEL=01 | PADDR=00000008 | PWRITE=0 | PREADY=0
Time=755000 | State=10 | PSEL=01 | PADDR=00000008 | PWRITE=0 | PREADY=0
  [WAITING] Slave is not ready at Time=765000
  [WAITING] Slave is not ready at Time=775000
  [WAITING] Slave is not ready at Time=785000
  [WAITING] Slave is not ready at Time=795000
  [WAITING] Slave is not ready at Time=805000
  [WAITING] Slave is not ready at Time=815000
  [WAITING] Slave is not ready at Time=825000
Time=825000 | State=10 | PSEL=01 | PADDR=00000008 | PWRITE=0 | PREADY=1
[READ]  Addr: 0x00000008 | Data: 0xce379e80b65d6cfc26f88a27906599a3c24f47a1faffa8a37bc66b091206b5a4 | PSLVERR: 0 | Time: 835000

--- Starting Testcase 2: Slave 1 Access (MSB=1) ---
Time=835000 | State=00 | PSEL=00 | PADDR=00000000 | PWRITE=0 | PREADY=0
Time=865000 | State=01 | PSEL=10 | PADDR=80000004 | PWRITE=1 | PREADY=0
Time=875000 | State=10 | PSEL=10 | PADDR=80000004 | PWRITE=1 | PREADY=0
  [WAITING] Slave is not ready at Time=885000
  [WAITING] Slave is not ready at Time=895000
  [WAITING] Slave is not ready at Time=905000
  [WAITING] Slave is not ready at Time=915000
  [WAITING] Slave is not ready at Time=925000
  [WAITING] Slave is not ready at Time=935000
  [WAITING] Slave is not ready at Time=945000
  [WAITING] Slave is not ready at Time=955000
  [WAITING] Slave is not ready at Time=965000
  [WAITING] Slave is not ready at Time=975000
  [WAITING] Slave is not ready at Time=985000
  [WAITING] Slave is not ready at Time=995000
  [WAITING] Slave is not ready at Time=1005000
  [WAITING] Slave is not ready at Time=1015000
  [WAITING] Slave is not ready at Time=1025000
  [WAITING] Slave is not ready at Time=1035000
  [WAITING] Slave is not ready at Time=1045000
  [WAITING] Slave is not ready at Time=1055000
  [WAITING] Slave is not ready at Time=1065000
  [WAITING] Slave is not ready at Time=1075000
  [WAITING] Slave is not ready at Time=1085000
  [WAITING] Slave is not ready at Time=1095000
  [WAITING] Slave is not ready at Time=1105000
  [WAITING] Slave is not ready at Time=1115000
  [WAITING] Slave is not ready at Time=1125000
  [WAITING] Slave is not ready at Time=1135000
  [WAITING] Slave is not ready at Time=1145000
  [WAITING] Slave is not ready at Time=1155000
  [WAITING] Slave is not ready at Time=1165000
  [WAITING] Slave is not ready at Time=1175000
  [WAITING] Slave is not ready at Time=1185000
  [WAITING] Slave is not ready at Time=1195000
  [WAITING] Slave is not ready at Time=1205000
  [WAITING] Slave is not ready at Time=1215000
  [WAITING] Slave is not ready at Time=1225000
  [WAITING] Slave is not ready at Time=1235000
  [WAITING] Slave is not ready at Time=1245000
  [WAITING] Slave is not ready at Time=1255000
  [WAITING] Slave is not ready at Time=1265000
  [WAITING] Slave is not ready at Time=1275000
  [WAITING] Slave is not ready at Time=1285000
  [WAITING] Slave is not ready at Time=1295000
  [WAITING] Slave is not ready at Time=1305000
  [WAITING] Slave is not ready at Time=1315000
  [WAITING] Slave is not ready at Time=1325000
  [WAITING] Slave is not ready at Time=1335000
  [WAITING] Slave is not ready at Time=1345000
  [WAITING] Slave is not ready at Time=1355000
  [WAITING] Slave is not ready at Time=1365000
  [WAITING] Slave is not ready at Time=1375000
  [WAITING] Slave is not ready at Time=1385000
  [WAITING] Slave is not ready at Time=1395000
  [WAITING] Slave is not ready at Time=1405000
  [WAITING] Slave is not ready at Time=1415000
  [WAITING] Slave is not ready at Time=1425000
  [WAITING] Slave is not ready at Time=1435000
  [WAITING] Slave is not ready at Time=1445000
  [WAITING] Slave is not ready at Time=1455000
  [WAITING] Slave is not ready at Time=1465000
  [WAITING] Slave is not ready at Time=1475000
  [WAITING] Slave is not ready at Time=1485000
  [WAITING] Slave is not ready at Time=1495000
  [WAITING] Slave is not ready at Time=1505000
  [WAITING] Slave is not ready at Time=1515000
  [WAITING] Slave is not ready at Time=1525000
Time=1525000 | State=10 | PSEL=10 | PADDR=80000004 | PWRITE=1 | PREADY=1
[WRITE] Addr: 0x80000004 | Data: 0x1234abcd | PSLVERR: 0 | Time: 1535000
Time=1535000 | State=00 | PSEL=00 | PADDR=00000000 | PWRITE=0 | PREADY=0
Time=1565000 | State=01 | PSEL=10 | PADDR=80000004 | PWRITE=0 | PREADY=0
Time=1575000 | State=10 | PSEL=10 | PADDR=80000004 | PWRITE=0 | PREADY=0
  [WAITING] Slave is not ready at Time=1585000
  [WAITING] Slave is not ready at Time=1595000
  [WAITING] Slave is not ready at Time=1605000
  [WAITING] Slave is not ready at Time=1615000
  [WAITING] Slave is not ready at Time=1625000
  [WAITING] Slave is not ready at Time=1635000
  [WAITING] Slave is not ready at Time=1645000
Time=1645000 | State=10 | PSEL=10 | PADDR=80000004 | PWRITE=0 | PREADY=1
[READ]  Addr: 0x80000004 | Data: 0x9b11457aa29d65e4940b67b7da16bd370d29bf6a3247a28066f93ac407b8b811 | PSLVERR: 0 | Time: 1655000

--- Starting Testcase 3: Address Range Error ---
Time=1655000 | State=00 | PSEL=00 | PADDR=00000000 | PWRITE=0 | PREADY=0
Time=1685000 | State=01 | PSEL=01 | PADDR=00010000 | PWRITE=1 | PREADY=0
Time=1695000 | State=10 | PSEL=01 | PADDR=00010000 | PWRITE=1 | PREADY=1
[WRITE] Addr: 0x00010000 | Data: 0x01234567 | PSLVERR: 1 | Time: 1705000
Time=1705000 | State=00 | PSEL=00 | PADDR=00000000 | PWRITE=0 | PREADY=0
Time=1735000 | State=01 | PSEL=01 | PADDR=00010000 | PWRITE=0 | PREADY=0
Time=1745000 | State=10 | PSEL=01 | PADDR=00010000 | PWRITE=0 | PREADY=1
[READ]  Addr: 0x00010000 | Data: 0x0000000000000000000000000000000000000000000000000000000000000000 | PSLVERR: 1 | Time: 1755000

--- Starting Testcase 4: Empty Addr ---
Time=1755000 | State=00 | PSEL=00 | PADDR=00000000 | PWRITE=0 | PREADY=0
Time=1785000 | State=01 | PSEL=01 | PADDR=00000001 | PWRITE=0 | PREADY=0
Time=1795000 | State=10 | PSEL=01 | PADDR=00000001 | PWRITE=0 | PREADY=0
  [WAITING] Slave is not ready at Time=1805000
  [WAITING] Slave is not ready at Time=1815000
  [WAITING] Slave is not ready at Time=1825000
  [WAITING] Slave is not ready at Time=1835000
  [WAITING] Slave is not ready at Time=1845000
  [WAITING] Slave is not ready at Time=1855000
Time=1855000 | State=10 | PSEL=01 | PADDR=00000001 | PWRITE=0 | PREADY=1
[READ]  Addr: 0x00000001 | Data: 0x0000000000000000000000000000000000000000000000000000000000000000 | PSLVERR: 0 | Time: 1865000
Time=1865000 | State=00 | PSEL=00 | PADDR=00000000 | PWRITE=0 | PREADY=0

--- Simulation Finished ---
Simulation complete via $finish(1) at time 1885 NS + 0
./testbench.sv:125         $finish;
xcelium> exit
TOOL:	xrun	25.03-s001: Exiting on Mar 12, 2026 at 07:57:29 EDT  (total: 00:00:01)
